Launching language server: /home/ec2-user/.vscode-server/extensions/hashicorp.terraform-2.23.0-linux-x64/bin/terraform-ls serve
2022/07/28 20:38:25 serve_command.go:162: Starting terraform-ls 0.28.1
2022/07/28 20:38:25 service.go:95: Preparing new session ...
2022/07/28 20:38:25 langserver.go:94: Starting server (pid 12609; concurrency: 1) ...
2022/07/28 20:38:25 opts.go:218: Received request batch of size 1 (qlen=0)
2022/07/28 20:38:25 opts.go:218: Dequeued request batch of length 1 (qlen=0)
2022/07/28 20:38:25 rpc_logger.go:29: Incoming request for "initialize" (ID 0): {"processId":12561,"clientInfo":{"name":"Visual Studio Code","version":"1.69.2"},"locale":"en","rootPath":"/home/ec2-user/terraform","rootUri":"file:///home/ec2-user/terraform","capabilities":{"workspace":{"applyEdit":true,"workspaceEdit":{"documentChanges":true,"resourceOperations":["create","rename","delete"],"failureHandling":"textOnlyTransactional","normalizesLineEndings":true,"changeAnnotationSupport":{"groupsOnLabel":true}},"didChangeConfiguration":{"dynamicRegistration":true},"didChangeWatchedFiles":{"dynamicRegistration":true},"symbol":{"dynamicRegistration":true,"symbolKind":{"valueSet":[1,2,3,4,5,6,7,8,9,10,11,12,13,14,15,16,17,18,19,20,21,22,23,24,25,26]},"tagSupport":{"valueSet":[1]}},"codeLens":{"refreshSupport":true},"executeCommand":{"dynamicRegistration":true},"configuration":true,"workspaceFolders":true,"semanticTokens":{"refreshSupport":true},"fileOperations":{"dynamicRegistration":true,"didCreate":true,"didRename":true,"didDelete":true,"willCreate":true,"willRename":true,"willDelete":true}},"textDocument":{"publishDiagnostics":{"relatedInformation":true,"versionSupport":false,"tagSupport":{"valueSet":[1,2]},"codeDescriptionSupport":true,"dataSupport":true},"synchronization":{"dynamicRegistration":true,"willSave":true,"willSaveWaitUntil":true,"didSave":true},"completion":{"dynamicRegistration":true,"contextSupport":true,"completionItem":{"snippetSupport":true,"commitCharactersSupport":true,"documentationFormat":["markdown","plaintext"],"deprecatedSupport":true,"preselectSupport":true,"tagSupport":{"valueSet":[1]},"insertReplaceSupport":true,"resolveSupport":{"properties":["documentation","detail","additionalTextEdits"]},"insertTextModeSupport":{"valueSet":[1,2]}},"completionItemKind":{"valueSet":[1,2,3,4,5,6,7,8,9,10,11,12,13,14,15,16,17,18,19,20,21,22,23,24,25]}},"hover":{"dynamicRegistration":true,"contentFormat":["markdown","plaintext"]},"signatureHelp":{"dynamicRegistration":true,"signatureInformation":{"documentationFormat":["markdown","plaintext"],"parameterInformation":{"labelOffsetSupport":true},"activeParameterSupport":true},"contextSupport":true},"definition":{"dynamicRegistration":true,"linkSupport":true},"references":{"dynamicRegistration":true},"documentHighlight":{"dynamicRegistration":true},"documentSymbol":{"dynamicRegistration":true,"symbolKind":{"valueSet":[1,2,3,4,5,6,7,8,9,10,11,12,13,14,15,16,17,18,19,20,21,22,23,24,25,26]},"hierarchicalDocumentSymbolSupport":true,"tagSupport":{"valueSet":[1]},"labelSupport":true},"codeAction":{"dynamicRegistration":true,"isPreferredSupport":true,"disabledSupport":true,"dataSupport":true,"resolveSupport":{"properties":["edit"]},"codeActionLiteralSupport":{"codeActionKind":{"valueSet":["","quickfix","refactor","refactor.extract","refactor.inline","refactor.rewrite","source","source.organizeImports"]}},"honorsChangeAnnotations":false},"codeLens":{"dynamicRegistration":true},"formatting":{"dynamicRegistration":true},"rangeFormatting":{"dynamicRegistration":true},"onTypeFormatting":{"dynamicRegistration":true},"rename":{"dynamicRegistration":true,"prepareSupport":true,"prepareSupportDefaultBehavior":1,"honorsChangeAnnotations":true},"documentLink":{"dynamicRegistration":true,"tooltipSupport":true},"typeDefinition":{"dynamicRegistration":true,"linkSupport":true},"implementation":{"dynamicRegistration":true,"linkSupport":true},"colorProvider":{"dynamicRegistration":true},"foldingRange":{"dynamicRegistration":true,"rangeLimit":5000,"lineFoldingOnly":true},"declaration":{"dynamicRegistration":true,"linkSupport":true},"selectionRange":{"dynamicRegistration":true},"callHierarchy":{"dynamicRegistration":true},"semanticTokens":{"dynamicRegistration":true,"tokenTypes":["namespace","type","class","enum","interface","struct","typeParameter","parameter","variable","property","enumMember","event","function","method","macro","keyword","modifier","comment","string","number","regexp","operator","hcl-attrName","hcl-blockType","hcl-blockLabel","hcl-bool","hcl-string","hcl-number","hcl-objectKey","hcl-mapKey","hcl-keyword","hcl-traversalStep","hcl-typeCapsule","hcl-typePrimitive"],"tokenModifiers":["declaration","definition","readonly","static","deprecated","abstract","async","modification","documentation","defaultLibrary","hcl-dependent","terraform-data","terraform-locals","terraform-module","terraform-output","terraform-provider","terraform-resource","terraform-provisioner","terraform-connection","terraform-variable","terraform-terraform","terraform-backend","terraform-name","terraform-type","terraform-requiredProviders"],"formats":["relative"],"requests":{"range":true,"full":{"delta":true}},"multilineTokenSupport":false,"overlappingTokenSupport":false},"linkedEditingRange":{"dynamicRegistration":true}},"window":{"showMessage":{"messageActionItem":{"additionalPropertiesSupport":true}},"showDocument":{"support":true},"workDoneProgress":true},"general":{"regularExpressions":{"engine":"ECMAScript","version":"ES2020"},"markdown":{"parser":"marked","version":"1.1.0"}},"experimental":{"refreshModuleProvidersCommandId":"client.refreshModuleProviders","refreshModuleCallsCommandId":"client.refreshModuleCalls","telemetryVersion":1}},"initializationOptions":{"experimentalFeatures":{},"ignoreSingleFileWarning":false},"trace":"off","workspaceFolders":[{"uri":"file:///home/ec2-user/terraform","name":"terraform"}]}
2022/07/28 20:38:25 initialize.go:158: enabling telemetry (version: 1)
2022/07/28 20:38:25 initialize.go:163: telemetry enabled (version: 1)
2022/07/28 20:38:25 opts.go:218: Posting server notification "telemetry/event" {"v":1,"name":"initialize","properties":{"experimentalCapabilities.referenceCountCodeLens":false,"lsVersion":"0.28.1","options.commandPrefix":false,"options.excludeModulePaths":false,"options.experimentalFeatures.prefillRequiredFields":false,"options.experimentalFeatures.validateOnSave":false,"options.ignoreDirectoryNames":false,"options.ignoreSingleFileWarning":false,"options.rootModulePaths":false,"options.terraformExecPath":false,"options.terraformExecTimeout":"","options.terraformLogFilePath":false,"root_uri":"dir"}}
2022/07/28 20:38:25 scheduler.go:45: launching eval loop 0
2022/07/28 20:38:25 service.go:443: running closed dir scheduler
2022/07/28 20:38:25 scheduler.go:45: launching eval loop 0
2022/07/28 20:38:25 service.go:448: running open dir scheduler
2022/07/28 20:45:09 watcher.go:498: watching for changes ...
2022/07/28 20:45:10 rpc_logger.go:50: Response to "initialize" (ID 0): {"capabilities":{"textDocumentSync":{"openClose":true,"change":2,"save":{}},"completionProvider":{"triggerCharacters":[".","["],"completionItem":{}},"hoverProvider":true,"signatureHelpProvider":{},"declarationProvider":{},"definitionProvider":true,"referencesProvider":true,"documentSymbolProvider":true,"codeActionProvider":{"codeActionKinds":["source.formatAll.terraform"]},"codeLensProvider":{},"documentLinkProvider":{},"workspaceSymbolProvider":true,"documentFormattingProvider":true,"documentOnTypeFormattingProvider":{"firstTriggerCharacter":""},"executeCommandProvider":{"commands":["terraform-ls.module.callers","terraform-ls.module.calls","terraform-ls.module.providers","terraform-ls.rootmodules","terraform-ls.terraform.init","terraform-ls.terraform.validate"],"workDoneProgress":true},"semanticTokensProvider":{"legend":{"tokenTypes":["enumMember","function","keyword","number","parameter","property","string","type","variable","hcl-attrName","hcl-blockType","hcl-blockLabel","hcl-bool","hcl-string","hcl-number","hcl-objectKey","hcl-mapKey","hcl-keyword","hcl-traversalStep","hcl-typeCapsule","hcl-typePrimitive"],"tokenModifiers":["defaultLibrary","hcl-dependent","terraform-backend","terraform-connection","terraform-data","terraform-locals","terraform-module","terraform-name","terraform-output","terraform-provider","terraform-provisioner","terraform-requiredProviders","terraform-resource","terraform-terraform","terraform-type","terraform-variable"]},"full":true},"workspace":{"workspaceFolders":{"supported":true,"changeNotifications":"workspace/didChangeWorkspaceFolders"}},"experimental":{"referenceCountCodeLens":false,"refreshModuleProviders":true,"refreshModuleCalls":true}},"serverInfo":{"name":"terraform-ls","version":"0.28.1"}}
2022/07/28 20:45:10 walker_paths.go:240: walking next dir: {"file:///home/ec2-user/terraform"}
2022/07/28 20:45:10 walker.go:197: found module /home/ec2-user/terraform
2022/07/28 20:45:10 jobs.go:92: JOBS: Enqueueing new job "1": "OpTypeParseModuleConfiguration" for {"file:///home/ec2-user/terraform"}
2022/07/28 20:45:10 jobs.go:92: JOBS: Enqueueing new job "2": "OpTypeParseVariables" for {"file:///home/ec2-user/terraform"}
2022/07/28 20:45:10 jobs.go:92: JOBS: Enqueueing new job "3": "OpTypeGetTerraformVersion" for {"file:///home/ec2-user/terraform"}
2022/07/28 20:45:10 opts.go:218: Completed 1 requests [6m45.05343872s elapsed]
2022/07/28 20:45:11 jobs.go:244: JOBS: Dispatching next job "1": "OpTypeParseModuleConfiguration" for {"file:///home/ec2-user/terraform"}
2022/07/28 20:45:11 walker.go:268: parsed datadir: &datadir.DataDir{ModuleManifestPath:"", PluginLockFilePath:"/home/ec2-user/terraform/.terraform.lock.hcl"}
2022/07/28 20:45:11 jobs.go:92: JOBS: Enqueueing new job "4": "OpTypeObtainSchema" for {"file:///home/ec2-user/terraform"}
2022/07/28 20:45:11 jobs.go:92: JOBS: Enqueueing new job "5": "OpTypeDecodeReferenceTargets" for {"file:///home/ec2-user/terraform"}
2022/07/28 20:45:11 jobs.go:92: JOBS: Enqueueing new job "6": "OpTypeDecodeReferenceOrigins" for {"file:///home/ec2-user/terraform"}
2022/07/28 20:45:11 walker.go:345: walking of {file:///home/ec2-user/terraform} finished
2022/07/28 20:45:11 walker.go:135: walker: walking through {"file:///home/ec2-user/terraform"} finished
2022/07/28 20:45:11 jobs.go:358: JOBS: Finishing job "1": "OpTypeParseModuleConfiguration" for {"file:///home/ec2-user/terraform"} (err = %!s(<nil>), deferredJobs: [])
2022/07/28 20:45:11 jobs.go:244: JOBS: Dispatching next job "2": "OpTypeParseVariables" for {"file:///home/ec2-user/terraform"}
2022/07/28 20:45:11 jobs.go:92: JOBS: Enqueueing new job "7": "OpTypeDecodeVarsReferences" for {"file:///home/ec2-user/terraform"}
2022/07/28 20:45:11 jobs.go:358: JOBS: Finishing job "2": "OpTypeParseVariables" for {"file:///home/ec2-user/terraform"} (err = %!s(<nil>), deferredJobs: ["7"])
2022/07/28 20:45:11 jobs.go:244: JOBS: Dispatching next job "3": "OpTypeGetTerraformVersion" for {"file:///home/ec2-user/terraform"}
2022/07/28 20:45:13 opts.go:218: Received request batch of size 1 (qlen=0)
2022/07/28 20:45:13 opts.go:218: Received request batch of size 1 (qlen=1)
2022/07/28 20:45:13 opts.go:218: Dequeued request batch of length 1 (qlen=1)
2022/07/28 20:45:13 opts.go:218: Dequeued request batch of length 1 (qlen=0)
2022/07/28 20:45:13 rpc_logger.go:29: Incoming notification for "initialized": {}
2022/07/28 20:45:13 rpc_logger.go:29: Incoming notification for "textDocument/didOpen": {"textDocument":{"uri":"file:///home/ec2-user/terraform/main.tf","languageId":"terraform","version":1,"text":"provider \"aws\" {\n  region     = \"ca-central-1\"\n  access_key = \"AKIAUEIZJ3ZOOIWF2WRQ\"\n  secret_key = \"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\"\n}\n\n resource \"aws_vpc\" \"development-vpc\" {\n     cidr_block = \"10.0.0.0/16\"\n }\n\nresource \"aws_subnet\" \"dev-subnet-1\" {\n    vpc_id = aws_vpc.development-vpc.id\n    cidr_block = \"10.0.10.0/24\"\n    availability_zone = \"ca-central-1b\"\n}\n\ndata \"aws_vpc\" \"existing_vpc\" {\n    default = true\n}\n   \nresource \"aws_subnet\" \"dev-subnet-2\" {\n    vpc_id = data.aws_vpc.existing_vpc.id\n    cidr_block = \"172.31.48.0/20\"\n    availability_zone = \"ca-central-1b\"\n}"}}
2022/07/28 20:45:14 did_open.go:42: opened module: /home/ec2-user/terraform
2022/07/28 20:45:14 jobs.go:92: JOBS: Enqueueing new job "8": "OpTypeParseModuleConfiguration" for {"file:///home/ec2-user/terraform"}
2022/07/28 20:45:14 jobs.go:244: JOBS: Dispatching next job "4": "OpTypeObtainSchema" for {"file:///home/ec2-user/terraform"}
2022/07/28 20:45:16 jobs.go:92: JOBS: Enqueueing new job "9": "OpTypeParseVariables" for {"file:///home/ec2-user/terraform"}
2022/07/28 20:45:16 watcher.go:86: adding module for watching: /home/ec2-user/terraform
2022/07/28 20:45:22 opts.go:218: Received request batch of size 1 (qlen=0)
2022/07/28 20:45:22 opts.go:218: Dequeued request batch of length 1 (qlen=0)
2022/07/28 20:45:23 opts.go:218: Request check error for "$/setTrace" (params "{\"value\":\"off\"}"): [-32601] method not found
2022/07/28 20:46:02 jobs.go:358: JOBS: Finishing job "3": "OpTypeGetTerraformVersion" for {"file:///home/ec2-user/terraform"} (err = Execution of "Version" timed out after 30s, deferredJobs: [])
2022/07/28 20:46:02 jobs.go:244: JOBS: Dispatching next job "8": "OpTypeParseModuleConfiguration" for {"file:///home/ec2-user/terraform"}
2022/07/28 20:46:02 jobs.go:92: JOBS: Enqueueing new job "10": "OpTypeLoadModuleMetadata" for {"file:///home/ec2-user/terraform"}
2022/07/28 20:46:02 jobs.go:358: JOBS: Finishing job "8": "OpTypeParseModuleConfiguration" for {"file:///home/ec2-user/terraform"} (err = %!s(<nil>), deferredJobs: ["10"])
2022/07/28 20:46:03 jobs.go:244: JOBS: Dispatching next job "10": "OpTypeLoadModuleMetadata" for {"file:///home/ec2-user/terraform"}
2022/07/28 20:46:03 jobs.go:358: JOBS: Finishing job "10": "OpTypeLoadModuleMetadata" for {"file:///home/ec2-user/terraform"} (err = %!s(<nil>), deferredJobs: ["5" "6"])
2022/07/28 20:46:03 jobs.go:244: JOBS: Dispatching next job "9": "OpTypeParseVariables" for {"file:///home/ec2-user/terraform"}
2022/07/28 20:46:03 jobs.go:358: JOBS: Finishing job "9": "OpTypeParseVariables" for {"file:///home/ec2-user/terraform"} (err = %!s(<nil>), deferredJobs: ["7"])
2022/07/28 20:46:03 opts.go:218: Posting server notification "telemetry/event" {"v":1,"name":"moduleData","properties":{"moduleId":"b9cadd12-f373-a777-c198-2a51eb5a2dd2","providerRequirements":{"registry.terraform.io/-/aws":""}}}
2022/07/28 20:46:03 opts.go:218: Posting server call "client.refreshModuleProviders" 
2022/07/28 20:46:06 opts.go:218: Received response for callback "1"
2022/07/28 20:46:06 opts.go:218: Posting server call "client.refreshModuleCalls" 
2022/07/28 20:46:07 opts.go:218: Received response for callback "2"
2022/07/28 20:46:07 opts.go:218: Posting server call "workspace/semanticTokens/refresh" 
2022/07/28 20:46:09 opts.go:218: Received response for callback "3"
2022/07/28 20:46:13 opts.go:218: Received request batch of size 1 (qlen=0)
