Launching language server: /home/ec2-user/.vscode-server/extensions/hashicorp.terraform-2.23.0-linux-x64/bin/terraform-ls serve
2022/07/29 17:38:28 serve_command.go:162: Starting terraform-ls 0.28.1
2022/07/29 17:38:28 service.go:95: Preparing new session ...
2022/07/29 17:38:28 langserver.go:94: Starting server (pid 23248; concurrency: 1) ...
2022/07/29 17:38:28 opts.go:218: Received request batch of size 1 (qlen=0)
2022/07/29 17:38:28 opts.go:218: Dequeued request batch of length 1 (qlen=0)
2022/07/29 17:38:28 rpc_logger.go:29: Incoming request for "initialize" (ID 0): {"processId":23187,"clientInfo":{"name":"Visual Studio Code","version":"1.69.2"},"locale":"en","rootPath":"/home/ec2-user/terraform","rootUri":"file:///home/ec2-user/terraform","capabilities":{"workspace":{"applyEdit":true,"workspaceEdit":{"documentChanges":true,"resourceOperations":["create","rename","delete"],"failureHandling":"textOnlyTransactional","normalizesLineEndings":true,"changeAnnotationSupport":{"groupsOnLabel":true}},"didChangeConfiguration":{"dynamicRegistration":true},"didChangeWatchedFiles":{"dynamicRegistration":true},"symbol":{"dynamicRegistration":true,"symbolKind":{"valueSet":[1,2,3,4,5,6,7,8,9,10,11,12,13,14,15,16,17,18,19,20,21,22,23,24,25,26]},"tagSupport":{"valueSet":[1]}},"codeLens":{"refreshSupport":true},"executeCommand":{"dynamicRegistration":true},"configuration":true,"workspaceFolders":true,"semanticTokens":{"refreshSupport":true},"fileOperations":{"dynamicRegistration":true,"didCreate":true,"didRename":true,"didDelete":true,"willCreate":true,"willRename":true,"willDelete":true}},"textDocument":{"publishDiagnostics":{"relatedInformation":true,"versionSupport":false,"tagSupport":{"valueSet":[1,2]},"codeDescriptionSupport":true,"dataSupport":true},"synchronization":{"dynamicRegistration":true,"willSave":true,"willSaveWaitUntil":true,"didSave":true},"completion":{"dynamicRegistration":true,"contextSupport":true,"completionItem":{"snippetSupport":true,"commitCharactersSupport":true,"documentationFormat":["markdown","plaintext"],"deprecatedSupport":true,"preselectSupport":true,"tagSupport":{"valueSet":[1]},"insertReplaceSupport":true,"resolveSupport":{"properties":["documentation","detail","additionalTextEdits"]},"insertTextModeSupport":{"valueSet":[1,2]}},"completionItemKind":{"valueSet":[1,2,3,4,5,6,7,8,9,10,11,12,13,14,15,16,17,18,19,20,21,22,23,24,25]}},"hover":{"dynamicRegistration":true,"contentFormat":["markdown","plaintext"]},"signatureHelp":{"dynamicRegistration":true,"signatureInformation":{"documentationFormat":["markdown","plaintext"],"parameterInformation":{"labelOffsetSupport":true},"activeParameterSupport":true},"contextSupport":true},"definition":{"dynamicRegistration":true,"linkSupport":true},"references":{"dynamicRegistration":true},"documentHighlight":{"dynamicRegistration":true},"documentSymbol":{"dynamicRegistration":true,"symbolKind":{"valueSet":[1,2,3,4,5,6,7,8,9,10,11,12,13,14,15,16,17,18,19,20,21,22,23,24,25,26]},"hierarchicalDocumentSymbolSupport":true,"tagSupport":{"valueSet":[1]},"labelSupport":true},"codeAction":{"dynamicRegistration":true,"isPreferredSupport":true,"disabledSupport":true,"dataSupport":true,"resolveSupport":{"properties":["edit"]},"codeActionLiteralSupport":{"codeActionKind":{"valueSet":["","quickfix","refactor","refactor.extract","refactor.inline","refactor.rewrite","source","source.organizeImports"]}},"honorsChangeAnnotations":false},"codeLens":{"dynamicRegistration":true},"formatting":{"dynamicRegistration":true},"rangeFormatting":{"dynamicRegistration":true},"onTypeFormatting":{"dynamicRegistration":true},"rename":{"dynamicRegistration":true,"prepareSupport":true,"prepareSupportDefaultBehavior":1,"honorsChangeAnnotations":true},"documentLink":{"dynamicRegistration":true,"tooltipSupport":true},"typeDefinition":{"dynamicRegistration":true,"linkSupport":true},"implementation":{"dynamicRegistration":true,"linkSupport":true},"colorProvider":{"dynamicRegistration":true},"foldingRange":{"dynamicRegistration":true,"rangeLimit":5000,"lineFoldingOnly":true},"declaration":{"dynamicRegistration":true,"linkSupport":true},"selectionRange":{"dynamicRegistration":true},"callHierarchy":{"dynamicRegistration":true},"semanticTokens":{"dynamicRegistration":true,"tokenTypes":["namespace","type","class","enum","interface","struct","typeParameter","parameter","variable","property","enumMember","event","function","method","macro","keyword","modifier","comment","string","number","regexp","operator","hcl-attrName","hcl-blockType","hcl-blockLabel","hcl-bool","hcl-string","hcl-number","hcl-objectKey","hcl-mapKey","hcl-keyword","hcl-traversalStep","hcl-typeCapsule","hcl-typePrimitive"],"tokenModifiers":["declaration","definition","readonly","static","deprecated","abstract","async","modification","documentation","defaultLibrary","hcl-dependent","terraform-data","terraform-locals","terraform-module","terraform-output","terraform-provider","terraform-resource","terraform-provisioner","terraform-connection","terraform-variable","terraform-terraform","terraform-backend","terraform-name","terraform-type","terraform-requiredProviders"],"formats":["relative"],"requests":{"range":true,"full":{"delta":true}},"multilineTokenSupport":false,"overlappingTokenSupport":false},"linkedEditingRange":{"dynamicRegistration":true}},"window":{"showMessage":{"messageActionItem":{"additionalPropertiesSupport":true}},"showDocument":{"support":true},"workDoneProgress":true},"general":{"regularExpressions":{"engine":"ECMAScript","version":"ES2020"},"markdown":{"parser":"marked","version":"1.1.0"}},"experimental":{"refreshModuleProvidersCommandId":"client.refreshModuleProviders","refreshModuleCallsCommandId":"client.refreshModuleCalls","telemetryVersion":1}},"initializationOptions":{"experimentalFeatures":{},"ignoreSingleFileWarning":false},"trace":"off","workspaceFolders":[{"uri":"file:///home/ec2-user/terraform","name":"terraform"}]}
2022/07/29 17:38:28 initialize.go:158: enabling telemetry (version: 1)
2022/07/29 17:38:28 initialize.go:163: telemetry enabled (version: 1)
2022/07/29 17:38:28 opts.go:218: Posting server notification "telemetry/event" {"v":1,"name":"initialize","properties":{"experimentalCapabilities.referenceCountCodeLens":false,"lsVersion":"0.28.1","options.commandPrefix":false,"options.excludeModulePaths":false,"options.experimentalFeatures.prefillRequiredFields":false,"options.experimentalFeatures.validateOnSave":false,"options.ignoreDirectoryNames":false,"options.ignoreSingleFileWarning":false,"options.rootModulePaths":false,"options.terraformExecPath":false,"options.terraformExecTimeout":"","options.terraformLogFilePath":false,"root_uri":"dir"}}
2022/07/29 17:38:28 scheduler.go:45: launching eval loop 0
2022/07/29 17:38:28 service.go:443: running closed dir scheduler
2022/07/29 17:38:28 scheduler.go:45: launching eval loop 0
2022/07/29 17:38:28 service.go:448: running open dir scheduler
2022/07/29 17:42:33 watcher.go:498: watching for changes ...
2022/07/29 17:42:33 rpc_logger.go:50: Response to "initialize" (ID 0): {"capabilities":{"textDocumentSync":{"openClose":true,"change":2,"save":{}},"completionProvider":{"triggerCharacters":[".","["],"completionItem":{}},"hoverProvider":true,"signatureHelpProvider":{},"declarationProvider":{},"definitionProvider":true,"referencesProvider":true,"documentSymbolProvider":true,"codeActionProvider":{"codeActionKinds":["source.formatAll.terraform"]},"codeLensProvider":{},"documentLinkProvider":{},"workspaceSymbolProvider":true,"documentFormattingProvider":true,"documentOnTypeFormattingProvider":{"firstTriggerCharacter":""},"executeCommandProvider":{"commands":["terraform-ls.module.callers","terraform-ls.module.calls","terraform-ls.module.providers","terraform-ls.rootmodules","terraform-ls.terraform.init","terraform-ls.terraform.validate"],"workDoneProgress":true},"semanticTokensProvider":{"legend":{"tokenTypes":["enumMember","function","keyword","number","parameter","property","string","type","variable","hcl-attrName","hcl-blockType","hcl-blockLabel","hcl-bool","hcl-string","hcl-number","hcl-objectKey","hcl-mapKey","hcl-keyword","hcl-traversalStep","hcl-typeCapsule","hcl-typePrimitive"],"tokenModifiers":["defaultLibrary","hcl-dependent","terraform-backend","terraform-connection","terraform-data","terraform-locals","terraform-module","terraform-name","terraform-output","terraform-provider","terraform-provisioner","terraform-requiredProviders","terraform-resource","terraform-terraform","terraform-type","terraform-variable"]},"full":true},"workspace":{"workspaceFolders":{"supported":true,"changeNotifications":"workspace/didChangeWorkspaceFolders"}},"experimental":{"referenceCountCodeLens":false,"refreshModuleProviders":true,"refreshModuleCalls":true}},"serverInfo":{"name":"terraform-ls","version":"0.28.1"}}
2022/07/29 17:42:33 opts.go:218: Completed 1 requests [4m4.550480524s elapsed]
2022/07/29 17:42:33 walker_paths.go:240: walking next dir: {"file:///home/ec2-user/terraform"}
2022/07/29 17:42:33 walker.go:197: found module /home/ec2-user/terraform
2022/07/29 17:42:33 jobs.go:92: JOBS: Enqueueing new job "1": "OpTypeParseModuleConfiguration" for {"file:///home/ec2-user/terraform"}
2022/07/29 17:42:33 jobs.go:92: JOBS: Enqueueing new job "2": "OpTypeParseVariables" for {"file:///home/ec2-user/terraform"}
2022/07/29 17:42:33 jobs.go:92: JOBS: Enqueueing new job "3": "OpTypeGetTerraformVersion" for {"file:///home/ec2-user/terraform"}
2022/07/29 17:42:33 walker.go:268: parsed datadir: &datadir.DataDir{ModuleManifestPath:"", PluginLockFilePath:"/home/ec2-user/terraform/.terraform.lock.hcl"}
2022/07/29 17:42:33 jobs.go:92: JOBS: Enqueueing new job "4": "OpTypeObtainSchema" for {"file:///home/ec2-user/terraform"}
2022/07/29 17:42:33 jobs.go:92: JOBS: Enqueueing new job "5": "OpTypeDecodeReferenceTargets" for {"file:///home/ec2-user/terraform"}
2022/07/29 17:42:33 jobs.go:92: JOBS: Enqueueing new job "6": "OpTypeDecodeReferenceOrigins" for {"file:///home/ec2-user/terraform"}
2022/07/29 17:42:33 walker.go:345: walking of {file:///home/ec2-user/terraform} finished
2022/07/29 17:42:33 jobs.go:244: JOBS: Dispatching next job "1": "OpTypeParseModuleConfiguration" for {"file:///home/ec2-user/terraform"}
2022/07/29 17:42:33 walker.go:135: walker: walking through {"file:///home/ec2-user/terraform"} finished
2022/07/29 17:42:38 jobs.go:358: JOBS: Finishing job "1": "OpTypeParseModuleConfiguration" for {"file:///home/ec2-user/terraform"} (err = %!s(<nil>), deferredJobs: [])
2022/07/29 17:42:38 jobs.go:244: JOBS: Dispatching next job "2": "OpTypeParseVariables" for {"file:///home/ec2-user/terraform"}
2022/07/29 17:42:39 jobs.go:92: JOBS: Enqueueing new job "7": "OpTypeDecodeVarsReferences" for {"file:///home/ec2-user/terraform"}
2022/07/29 17:42:40 jobs.go:358: JOBS: Finishing job "2": "OpTypeParseVariables" for {"file:///home/ec2-user/terraform"} (err = %!s(<nil>), deferredJobs: ["7"])
2022/07/29 17:42:40 jobs.go:244: JOBS: Dispatching next job "3": "OpTypeGetTerraformVersion" for {"file:///home/ec2-user/terraform"}
2022/07/29 17:42:41 opts.go:218: Received request batch of size 1 (qlen=0)
2022/07/29 17:42:41 opts.go:218: Dequeued request batch of length 1 (qlen=0)
2022/07/29 17:42:41 opts.go:218: Received request batch of size 1 (qlen=0)
2022/07/29 17:42:41 opts.go:218: Dequeued request batch of length 1 (qlen=0)
2022/07/29 17:42:41 rpc_logger.go:29: Incoming notification for "initialized": {}
2022/07/29 17:42:41 rpc_logger.go:29: Incoming notification for "textDocument/didOpen": {"textDocument":{"uri":"file:///home/ec2-user/terraform/main.tf","languageId":"terraform","version":1,"text":"provider \"aws\" {\n  region     = \"ca-central-1\"\n  access_key = \"AKIAUEIZJ3ZOOIWF2WRQ\"\n  secret_key = \"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\"\n}\n\n resource \"aws_vpc\" \"development-vpc\" {\n     cidr_block = \"10.0.0.0/16\"\n     tags = {\n        Name: \"development\"\n        vpc_env: \"dev\"\n     }\n }\n\nresource \"aws_subnet\" \"dev-subnet-1\" {\n    vpc_id = aws_vpc.development-vpc.id\n    cidr_block = \"10.0.10.0/24\"\n    availability_zone = \"ca-central-1b\"\n     tags = {\n        Name: \"subnet1-dev\"\n     }\n}\n\ndata \"aws_vpc\" \"existing_vpc\" {\n    default = true\n}\n   \nresource \"aws_subnet\" \"dev-subnet-2\" {\n    vpc_id = data.aws_vpc.existing_vpc.id\n    cidr_block = \"172.31.48.0/20\"\n    availability_zone = \"ca-central-1b\"\n     tags = {\n        Name: \"default-subenet\"\n     }\n}"}}
2022/07/29 17:42:42 did_open.go:42: opened module: /home/ec2-user/terraform
2022/07/29 17:42:42 jobs.go:244: JOBS: Dispatching next job "4": "OpTypeObtainSchema" for {"file:///home/ec2-user/terraform"}
2022/07/29 17:42:42 jobs.go:92: JOBS: Enqueueing new job "8": "OpTypeParseModuleConfiguration" for {"file:///home/ec2-user/terraform"}
2022/07/29 17:42:42 jobs.go:92: JOBS: Enqueueing new job "9": "OpTypeParseVariables" for {"file:///home/ec2-user/terraform"}
2022/07/29 17:42:42 watcher.go:86: adding module for watching: /home/ec2-user/terraform
2022/07/29 17:42:43 opts.go:218: Received request batch of size 1 (qlen=0)
2022/07/29 17:42:43 opts.go:218: Received request batch of size 1 (qlen=1)
2022/07/29 17:42:43 opts.go:218: Received request batch of size 1 (qlen=2)
2022/07/29 17:42:43 opts.go:218: Dequeued request batch of length 1 (qlen=2)
2022/07/29 17:42:44 opts.go:218: Received request batch of size 1 (qlen=2)
2022/07/29 17:42:44 opts.go:218: Received request batch of size 1 (qlen=3)
2022/07/29 17:42:44 jobs.go:358: JOBS: Finishing job "3": "OpTypeGetTerraformVersion" for {"file:///home/ec2-user/terraform"} (err = %!s(<nil>), deferredJobs: [])
2022/07/29 17:42:44 jobs.go:244: JOBS: Dispatching next job "8": "OpTypeParseModuleConfiguration" for {"file:///home/ec2-user/terraform"}
2022/07/29 17:42:44 jobs.go:92: JOBS: Enqueueing new job "10": "OpTypeLoadModuleMetadata" for {"file:///home/ec2-user/terraform"}
2022/07/29 17:42:44 jobs.go:358: JOBS: Finishing job "8": "OpTypeParseModuleConfiguration" for {"file:///home/ec2-user/terraform"} (err = %!s(<nil>), deferredJobs: ["10"])
2022/07/29 17:42:44 jobs.go:244: JOBS: Dispatching next job "10": "OpTypeLoadModuleMetadata" for {"file:///home/ec2-user/terraform"}
2022/07/29 17:42:44 jobs.go:358: JOBS: Finishing job "10": "OpTypeLoadModuleMetadata" for {"file:///home/ec2-user/terraform"} (err = %!s(<nil>), deferredJobs: ["5" "6"])
2022/07/29 17:42:44 jobs.go:244: JOBS: Dispatching next job "9": "OpTypeParseVariables" for {"file:///home/ec2-user/terraform"}
2022/07/29 17:42:44 jobs.go:358: JOBS: Finishing job "9": "OpTypeParseVariables" for {"file:///home/ec2-user/terraform"} (err = %!s(<nil>), deferredJobs: ["7"])
2022/07/29 17:42:45 opts.go:218: Posting server notification "telemetry/event" {"v":1,"name":"moduleData","properties":{"installedProviders":{"registry.terraform.io/hashicorp/aws":"4.23.0"},"moduleId":"9bd5f5d5-b81d-c384-cb03-fb32fcf4b4db","providerRequirements":{"registry.terraform.io/-/aws":""},"tfVersion":"1.2.6"}}
2022/07/29 17:42:45 opts.go:218: Posting server call "client.refreshModuleProviders" 
2022/07/29 17:42:46 opts.go:218: Received response for callback "1"
2022/07/29 17:42:46 opts.go:218: Posting server call "client.refreshModuleCalls" 
2022/07/29 17:42:46 opts.go:218: Received response for callback "2"
2022/07/29 17:42:46 opts.go:218: Posting server call "workspace/semanticTokens/refresh" 
2022/07/29 17:42:46 opts.go:218: Received response for callback "3"
2022/07/29 17:43:03 provider_schema.go:106: PSS: adding local schema (/home/ec2-user/terraform, registry.terraform.io/hashicorp/aws): 0xc0035ea120
2022/07/29 17:43:03 jobs.go:358: JOBS: Finishing job "4": "OpTypeObtainSchema" for {"file:///home/ec2-user/terraform"} (err = %!s(<nil>), deferredJobs: [])
2022/07/29 17:43:03 jobs.go:244: JOBS: Dispatching next job "5": "OpTypeDecodeReferenceTargets" for {"file:///home/ec2-user/terraform"}
2022/07/29 17:43:03 provider_schema.go:196: PSS: getting provider schema (/home/ec2-user/terraform, registry.terraform.io/-/aws, )
2022/07/29 17:43:03 jobs.go:358: JOBS: Finishing job "5": "OpTypeDecodeReferenceTargets" for {"file:///home/ec2-user/terraform"} (err = %!s(<nil>), deferredJobs: [])
2022/07/29 17:43:03 jobs.go:244: JOBS: Dispatching next job "6": "OpTypeDecodeReferenceOrigins" for {"file:///home/ec2-user/terraform"}
2022/07/29 17:43:03 provider_schema.go:196: PSS: getting provider schema (/home/ec2-user/terraform, registry.terraform.io/-/aws, )
2022/07/29 17:43:03 jobs.go:358: JOBS: Finishing job "6": "OpTypeDecodeReferenceOrigins" for {"file:///home/ec2-user/terraform"} (err = %!s(<nil>), deferredJobs: [])
2022/07/29 17:43:03 jobs.go:244: JOBS: Dispatching next job "7": "OpTypeDecodeVarsReferences" for {"file:///home/ec2-user/terraform"}
2022/07/29 17:43:03 jobs.go:358: JOBS: Finishing job "7": "OpTypeDecodeVarsReferences" for {"file:///home/ec2-user/terraform"} (err = %!s(<nil>), deferredJobs: [])
2022/07/29 17:43:03 opts.go:218: Dequeued request batch of length 1 (qlen=3)
2022/07/29 17:43:03 opts.go:218: Dequeued request batch of length 1 (qlen=2)
2022/07/29 17:43:03 opts.go:218: Request check error for "$/setTrace" (params "{\"value\":\"off\"}"): [-32601] method not found
2022/07/29 17:43:03 opts.go:218: Dequeued request batch of length 1 (qlen=1)
2022/07/29 17:43:03 opts.go:218: Dequeued request batch of length 1 (qlen=0)
2022/07/29 17:43:03 rpc_logger.go:29: Incoming request for "textDocument/codeLens" (ID 4): {"textDocument":{"uri":"file:///home/ec2-user/terraform/main.tf"}}
2022/07/29 17:43:03 provider_schema.go:196: PSS: getting provider schema (/home/ec2-user/terraform, registry.terraform.io/-/aws, )
2022/07/29 17:43:03 rpc_logger.go:50: Response to "textDocument/codeLens" (ID 4): []
2022/07/29 17:43:03 opts.go:218: Completed 1 requests [7.001054ms elapsed]
2022/07/29 17:43:03 opts.go:218: Posting server call "client.refreshModuleProviders" 
2022/07/29 17:43:03 rpc_logger.go:29: Incoming request for "textDocument/documentSymbol" (ID 1): {"textDocument":{"uri":"file:///home/ec2-user/terraform/main.tf"}}
2022/07/29 17:43:03 provider_schema.go:196: PSS: getting provider schema (/home/ec2-user/terraform, registry.terraform.io/-/aws, )
2022/07/29 17:43:03 rpc_logger.go:50: Response to "textDocument/documentSymbol" (ID 1): [{"name":"provider \"aws\"","kind":5,"range":{"start":{"line":0,"character":0},"end":{"line":4,"character":1}},"selectionRange":{"start":{"line":0,"character":0},"end":{"line":4,"character":1}},"children":[{"name":"region","kind":15,"range":{"start":{"line":1,"character":2},"end":{"line":1,"character":29}},"selectionRange":{"start":{"line":1,"character":2},"end":{"line":1,"character":29}}},{"name":"access_key","kind":15,"range":{"start":{"line":2,"character":2},"end":{"line":2,"character":37}},"selectionRange":{"start":{"line":2,"character":2},"end":{"line":2,"character":37}}},{"name":"secret_key","kind":15,"range":{"start":{"line":3,"character":2},"end":{"line":3,"character":57}},"selectionRange":{"start":{"line":3,"character":2},"end":{"line":3,"character":57}}}]},{"name":"resource \"aws_vpc\" \"development-vpc\"","kind":5,"range":{"start":{"line":6,"character":1},"end":{"line":12,"character":2}},"selectionRange":{"start":{"line":6,"character":1},"end":{"line":12,"character":2}},"children":[{"name":"cidr_block","kind":15,"range":{"start":{"line":7,"character":5},"end":{"line":7,"character":31}},"selectionRange":{"start":{"line":7,"character":5},"end":{"line":7,"character":31}}},{"name":"tags","kind":23,"range":{"start":{"line":8,"character":5},"end":{"line":11,"character":6}},"selectionRange":{"start":{"line":8,"character":5},"end":{"line":11,"character":6}},"children":[{"name":"Name","kind":15,"range":{"start":{"line":9,"character":8},"end":{"line":9,"character":27}},"selectionRange":{"start":{"line":9,"character":8},"end":{"line":9,"character":27}}},{"name":"vpc_env","kind":15,"range":{"start":{"line":10,"character":8},"end":{"line":10,"character":22}},"selectionRange":{"start":{"line":10,"character":8},"end":{"line":10,"character":22}}}]}]},{"name":"resource \"aws_subnet\" \"dev-subnet-1\"","kind":5,"range":{"start":{"line":14,"character":0},"end":{"line":21,"character":1}},"selectionRange":{"start":{"line":14,"character":0},"end":{"line":21,"character":1}},"children":[{"name":"vpc_id","kind":14,"range":{"start":{"line":15,"character":4},"end":{"line":15,"character":39}},"selectionRange":{"start":{"line":15,"character":4},"end":{"line":15,"character":39}}},{"name":"cidr_block","kind":15,"range":{"start":{"line":16,"character":4},"end":{"line":16,"character":31}},"selectionRange":{"start":{"line":16,"character":4},"end":{"line":16,"character":31}}},{"name":"availability_zone","kind":15,"range":{"start":{"line":17,"character":4},"end":{"line":17,"character":39}},"selectionRange":{"start":{"line":17,"character":4},"end":{"line":17,"character":39}}},{"name":"tags","kind":23,"range":{"start":{"line":18,"character":5},"end":{"line":20,"character":6}},"selectionRange":{"start":{"line":18,"character":5},"end":{"line":20,"character":6}},"children":[{"name":"Name","kind":15,"range":{"start":{"line":19,"character":8},"end":{"line":19,"character":27}},"selectionRange":{"start":{"line":19,"character":8},"end":{"line":19,"character":27}}}]}]},{"name":"data \"aws_vpc\" \"existing_vpc\"","kind":5,"range":{"start":{"line":23,"character":0},"end":{"line":25,"character":1}},"selectionRange":{"start":{"line":23,"character":0},"end":{"line":25,"character":1}},"children":[{"name":"default","kind":17,"range":{"start":{"line":24,"character":4},"end":{"line":24,"character":18}},"selectionRange":{"start":{"line":24,"character":4},"end":{"line":24,"character":18}}}]},{"name":"resource \"aws_subnet\" \"dev-subnet-2\"","kind":5,"range":{"start":{"line":27,"character":0},"end":{"line":34,"character":1}},"selectionRange":{"start":{"line":27,"character":0},"end":{"line":34,"character":1}},"children":[{"name":"vpc_id","kind":14,"range":{"start":{"line":28,"character":4},"end":{"line":28,"character":41}},"selectionRange":{"start":{"line":28,"character":4},"end":{"line":28,"character":41}}},{"name":"cidr_block","kind":15,"range":{"start":{"line":29,"character":4},"end":{"line":29,"character":33}},"selectionRange":{"start":{"line":29,"character":4},"end":{"line":29,"character":33}}},{"name":"availability_zone","kind":15,"range":{"start":{"line":30,"character":4},"end":{"line":30,"character":39}},"selectionRange":{"start":{"line":30,"character":4},"end":{"line":30,"character":39}}},{"name":"tags","kind":23,"range":{"start":{"line":31,"character":5},"end":{"line":33,"character":6}},"selectionRange":{"start":{"line":31,"character":5},"end":{"line":33,"character":6}},"children":[{"name":"Name","kind":15,"range":{"start":{"line":32,"character":8},"end":{"line":32,"character":31}},"selectionRange":{"start":{"line":32,"character":8},"end":{"line":32,"character":31}}}]}]}]
2022/07/29 17:43:03 opts.go:218: Completed 1 requests [19.818914431s elapsed]
2022/07/29 17:43:03 rpc_logger.go:29: Incoming request for "textDocument/documentLink" (ID 2): {"textDocument":{"uri":"file:///home/ec2-user/terraform/main.tf"}}
2022/07/29 17:43:03 provider_schema.go:196: PSS: getting provider schema (/home/ec2-user/terraform, registry.terraform.io/-/aws, )
2022/07/29 17:43:03 rpc_logger.go:50: Response to "textDocument/documentLink" (ID 2): [{"range":{"start":{"line":0,"character":9},"end":{"line":0,"character":14}},"target":"https://registry.terraform.io/providers/hashicorp/aws/4.23.0/docs?utm_content=documentLink\u0026utm_medium=Visual+Studio+Code\u0026utm_source=terraform-ls","tooltip":"hashicorp/aws Documentation"}]
2022/07/29 17:43:03 opts.go:218: Completed 1 requests [28.358826ms elapsed]
2022/07/29 17:43:03 rpc_logger.go:29: Incoming request for "textDocument/semanticTokens/full" (ID 3): {"textDocument":{"uri":"file:///home/ec2-user/terraform/main.tf"}}
2022/07/29 17:43:03 provider_schema.go:196: PSS: getting provider schema (/home/ec2-user/terraform, registry.terraform.io/-/aws, )
2022/07/29 17:43:03 rpc_logger.go:50: Response to "textDocument/semanticTokens/full" (ID 3): {"data":[0,0,8,10,512,0,9,5,11,642,1,2,6,9,0,0,13,14,13,0,1,2,10,9,0,0,13,22,13,0,1,2,10,9,0,0,13,42,13,0,3,1,8,10,4096,0,9,9,11,20482,0,10,17,11,4224,1,5,10,9,0,0,13,13,13,0,1,5,4,9,0,1,8,4,16,0,0,6,13,13,0,1,8,7,16,0,0,9,5,13,0,4,0,8,10,4096,0,9,12,11,20482,0,13,14,11,4224,1,4,6,9,0,0,9,7,18,0,0,8,15,18,0,0,16,2,18,0,1,4,10,9,0,0,13,14,13,0,1,4,17,9,0,0,20,15,13,0,1,5,4,9,0,1,8,4,16,0,0,6,13,13,0,4,0,4,10,16,0,5,9,11,16402,0,10,14,11,144,1,4,7,9,0,0,10,4,12,0,3,0,8,10,4096,0,9,12,11,20482,0,13,14,11,4224,1,4,6,9,0,0,9,4,18,0,0,5,7,18,0,0,8,12,18,0,0,13,2,18,0,1,4,10,9,0,0,13,16,13,0,1,4,17,9,0,0,20,15,13,0,1,5,4,9,0,1,8,4,16,0,0,6,17,13,0]}
2022/07/29 17:43:03 opts.go:218: Completed 1 requests [37.078306ms elapsed]
2022/07/29 17:43:03 opts.go:218: Received response for callback "4"
2022/07/29 17:43:03 opts.go:218: Posting server call "client.refreshModuleCalls" 
2022/07/29 17:43:03 opts.go:218: Received response for callback "5"
[Info  - 5:51:52 PM] Connection to server got closed. Server will restart.
2022/07/29 17:51:52 serve_command.go:162: Starting terraform-ls 0.28.1
2022/07/29 17:51:52 service.go:95: Preparing new session ...
2022/07/29 17:51:52 langserver.go:94: Starting server (pid 23575; concurrency: 1) ...
2022/07/29 17:51:52 opts.go:218: Received request batch of size 1 (qlen=0)
2022/07/29 17:51:52 opts.go:218: Dequeued request batch of length 1 (qlen=0)
2022/07/29 17:51:52 rpc_logger.go:29: Incoming request for "initialize" (ID 0): {"processId":23187,"clientInfo":{"name":"Visual Studio Code","version":"1.69.2"},"locale":"en","rootPath":"/home/ec2-user/terraform","rootUri":"file:///home/ec2-user/terraform","capabilities":{"workspace":{"applyEdit":true,"workspaceEdit":{"documentChanges":true,"resourceOperations":["create","rename","delete"],"failureHandling":"textOnlyTransactional","normalizesLineEndings":true,"changeAnnotationSupport":{"groupsOnLabel":true}},"didChangeConfiguration":{"dynamicRegistration":true},"didChangeWatchedFiles":{"dynamicRegistration":true},"symbol":{"dynamicRegistration":true,"symbolKind":{"valueSet":[1,2,3,4,5,6,7,8,9,10,11,12,13,14,15,16,17,18,19,20,21,22,23,24,25,26]},"tagSupport":{"valueSet":[1]}},"codeLens":{"refreshSupport":true},"executeCommand":{"dynamicRegistration":true},"configuration":true,"workspaceFolders":true,"semanticTokens":{"refreshSupport":true},"fileOperations":{"dynamicRegistration":true,"didCreate":true,"didRename":true,"didDelete":true,"willCreate":true,"willRename":true,"willDelete":true}},"textDocument":{"publishDiagnostics":{"relatedInformation":true,"versionSupport":false,"tagSupport":{"valueSet":[1,2]},"codeDescriptionSupport":true,"dataSupport":true},"synchronization":{"dynamicRegistration":true,"willSave":true,"willSaveWaitUntil":true,"didSave":true},"completion":{"dynamicRegistration":true,"contextSupport":true,"completionItem":{"snippetSupport":true,"commitCharactersSupport":true,"documentationFormat":["markdown","plaintext"],"deprecatedSupport":true,"preselectSupport":true,"tagSupport":{"valueSet":[1]},"insertReplaceSupport":true,"resolveSupport":{"properties":["documentation","detail","additionalTextEdits"]},"insertTextModeSupport":{"valueSet":[1,2]}},"completionItemKind":{"valueSet":[1,2,3,4,5,6,7,8,9,10,11,12,13,14,15,16,17,18,19,20,21,22,23,24,25]}},"hover":{"dynamicRegistration":true,"contentFormat":["markdown","plaintext"]},"signatureHelp":{"dynamicRegistration":true,"signatureInformation":{"documentationFormat":["markdown","plaintext"],"parameterInformation":{"labelOffsetSupport":true},"activeParameterSupport":true},"contextSupport":true},"definition":{"dynamicRegistration":true,"linkSupport":true},"references":{"dynamicRegistration":true},"documentHighlight":{"dynamicRegistration":true},"documentSymbol":{"dynamicRegistration":true,"symbolKind":{"valueSet":[1,2,3,4,5,6,7,8,9,10,11,12,13,14,15,16,17,18,19,20,21,22,23,24,25,26]},"hierarchicalDocumentSymbolSupport":true,"tagSupport":{"valueSet":[1]},"labelSupport":true},"codeAction":{"dynamicRegistration":true,"isPreferredSupport":true,"disabledSupport":true,"dataSupport":true,"resolveSupport":{"properties":["edit"]},"codeActionLiteralSupport":{"codeActionKind":{"valueSet":["","quickfix","refactor","refactor.extract","refactor.inline","refactor.rewrite","source","source.organizeImports"]}},"honorsChangeAnnotations":false},"codeLens":{"dynamicRegistration":true},"formatting":{"dynamicRegistration":true},"rangeFormatting":{"dynamicRegistration":true},"onTypeFormatting":{"dynamicRegistration":true},"rename":{"dynamicRegistration":true,"prepareSupport":true,"prepareSupportDefaultBehavior":1,"honorsChangeAnnotations":true},"documentLink":{"dynamicRegistration":true,"tooltipSupport":true},"typeDefinition":{"dynamicRegistration":true,"linkSupport":true},"implementation":{"dynamicRegistration":true,"linkSupport":true},"colorProvider":{"dynamicRegistration":true},"foldingRange":{"dynamicRegistration":true,"rangeLimit":5000,"lineFoldingOnly":true},"declaration":{"dynamicRegistration":true,"linkSupport":true},"selectionRange":{"dynamicRegistration":true},"callHierarchy":{"dynamicRegistration":true},"semanticTokens":{"dynamicRegistration":true,"tokenTypes":["namespace","type","class","enum","interface","struct","typeParameter","parameter","variable","property","enumMember","event","function","method","macro","keyword","modifier","comment","string","number","regexp","operator","hcl-attrName","hcl-blockType","hcl-blockLabel","hcl-bool","hcl-string","hcl-number","hcl-objectKey","hcl-mapKey","hcl-keyword","hcl-traversalStep","hcl-typeCapsule","hcl-typePrimitive"],"tokenModifiers":["declaration","definition","readonly","static","deprecated","abstract","async","modification","documentation","defaultLibrary","hcl-dependent","terraform-data","terraform-locals","terraform-module","terraform-output","terraform-provider","terraform-resource","terraform-provisioner","terraform-connection","terraform-variable","terraform-terraform","terraform-backend","terraform-name","terraform-type","terraform-requiredProviders"],"formats":["relative"],"requests":{"range":true,"full":{"delta":true}},"multilineTokenSupport":false,"overlappingTokenSupport":false},"linkedEditingRange":{"dynamicRegistration":true}},"window":{"showMessage":{"messageActionItem":{"additionalPropertiesSupport":true}},"showDocument":{"support":true},"workDoneProgress":true},"general":{"regularExpressions":{"engine":"ECMAScript","version":"ES2020"},"markdown":{"parser":"marked","version":"1.1.0"}},"experimental":{"refreshModuleProvidersCommandId":"client.refreshModuleProviders","refreshModuleCallsCommandId":"client.refreshModuleCalls","telemetryVersion":1}},"initializationOptions":{"experimentalFeatures":{},"ignoreSingleFileWarning":false},"trace":"off","workspaceFolders":[{"uri":"file:///home/ec2-user/terraform","name":"terraform"}]}
2022/07/29 17:51:52 initialize.go:158: enabling telemetry (version: 1)
2022/07/29 17:51:52 initialize.go:163: telemetry enabled (version: 1)
2022/07/29 17:51:52 opts.go:218: Posting server notification "telemetry/event" {"v":1,"name":"initialize","properties":{"experimentalCapabilities.referenceCountCodeLens":false,"lsVersion":"0.28.1","options.commandPrefix":false,"options.excludeModulePaths":false,"options.experimentalFeatures.prefillRequiredFields":false,"options.experimentalFeatures.validateOnSave":false,"options.ignoreDirectoryNames":false,"options.ignoreSingleFileWarning":false,"options.rootModulePaths":false,"options.terraformExecPath":false,"options.terraformExecTimeout":"","options.terraformLogFilePath":false,"root_uri":"dir"}}
2022/07/29 17:51:52 scheduler.go:45: launching eval loop 0
2022/07/29 17:51:52 service.go:443: running closed dir scheduler
2022/07/29 17:51:52 scheduler.go:45: launching eval loop 0
2022/07/29 17:51:52 service.go:448: running open dir scheduler
2022/07/29 17:54:42 watcher.go:498: watching for changes ...
2022/07/29 17:54:42 walker_paths.go:240: walking next dir: {"file:///home/ec2-user/terraform"}
2022/07/29 17:54:43 rpc_logger.go:50: Response to "initialize" (ID 0): {"capabilities":{"textDocumentSync":{"openClose":true,"change":2,"save":{}},"completionProvider":{"triggerCharacters":[".","["],"completionItem":{}},"hoverProvider":true,"signatureHelpProvider":{},"declarationProvider":{},"definitionProvider":true,"referencesProvider":true,"documentSymbolProvider":true,"codeActionProvider":{"codeActionKinds":["source.formatAll.terraform"]},"codeLensProvider":{},"documentLinkProvider":{},"workspaceSymbolProvider":true,"documentFormattingProvider":true,"documentOnTypeFormattingProvider":{"firstTriggerCharacter":""},"executeCommandProvider":{"commands":["terraform-ls.module.callers","terraform-ls.module.calls","terraform-ls.module.providers","terraform-ls.rootmodules","terraform-ls.terraform.init","terraform-ls.terraform.validate"],"workDoneProgress":true},"semanticTokensProvider":{"legend":{"tokenTypes":["enumMember","function","keyword","number","parameter","property","string","type","variable","hcl-attrName","hcl-blockType","hcl-blockLabel","hcl-bool","hcl-string","hcl-number","hcl-objectKey","hcl-mapKey","hcl-keyword","hcl-traversalStep","hcl-typeCapsule","hcl-typePrimitive"],"tokenModifiers":["defaultLibrary","hcl-dependent","terraform-backend","terraform-connection","terraform-data","terraform-locals","terraform-module","terraform-name","terraform-output","terraform-provider","terraform-provisioner","terraform-requiredProviders","terraform-resource","terraform-terraform","terraform-type","terraform-variable"]},"full":true},"workspace":{"workspaceFolders":{"supported":true,"changeNotifications":"workspace/didChangeWorkspaceFolders"}},"experimental":{"referenceCountCodeLens":false,"refreshModuleProviders":true,"refreshModuleCalls":true}},"serverInfo":{"name":"terraform-ls","version":"0.28.1"}}
2022/07/29 17:54:43 opts.go:218: Completed 1 requests [2m50.70408973s elapsed]
2022/07/29 17:54:43 walker.go:197: found module /home/ec2-user/terraform
2022/07/29 17:54:43 jobs.go:92: JOBS: Enqueueing new job "1": "OpTypeParseModuleConfiguration" for {"file:///home/ec2-user/terraform"}
2022/07/29 17:54:43 jobs.go:92: JOBS: Enqueueing new job "2": "OpTypeParseVariables" for {"file:///home/ec2-user/terraform"}
2022/07/29 17:54:43 jobs.go:92: JOBS: Enqueueing new job "3": "OpTypeGetTerraformVersion" for {"file:///home/ec2-user/terraform"}
2022/07/29 17:54:43 walker.go:268: parsed datadir: &datadir.DataDir{ModuleManifestPath:"", PluginLockFilePath:"/home/ec2-user/terraform/.terraform.lock.hcl"}
2022/07/29 17:54:43 jobs.go:92: JOBS: Enqueueing new job "4": "OpTypeObtainSchema" for {"file:///home/ec2-user/terraform"}
2022/07/29 17:54:43 jobs.go:92: JOBS: Enqueueing new job "5": "OpTypeDecodeReferenceTargets" for {"file:///home/ec2-user/terraform"}
2022/07/29 17:54:43 jobs.go:92: JOBS: Enqueueing new job "6": "OpTypeDecodeReferenceOrigins" for {"file:///home/ec2-user/terraform"}
2022/07/29 17:54:43 jobs.go:244: JOBS: Dispatching next job "1": "OpTypeParseModuleConfiguration" for {"file:///home/ec2-user/terraform"}
2022/07/29 17:54:43 walker.go:345: walking of {file:///home/ec2-user/terraform} finished
2022/07/29 17:54:43 walker.go:135: walker: walking through {"file:///home/ec2-user/terraform"} finished
2022/07/29 17:54:44 jobs.go:358: JOBS: Finishing job "1": "OpTypeParseModuleConfiguration" for {"file:///home/ec2-user/terraform"} (err = %!s(<nil>), deferredJobs: [])
2022/07/29 17:54:44 jobs.go:244: JOBS: Dispatching next job "2": "OpTypeParseVariables" for {"file:///home/ec2-user/terraform"}
2022/07/29 17:54:44 jobs.go:92: JOBS: Enqueueing new job "7": "OpTypeDecodeVarsReferences" for {"file:///home/ec2-user/terraform"}
2022/07/29 17:54:44 jobs.go:358: JOBS: Finishing job "2": "OpTypeParseVariables" for {"file:///home/ec2-user/terraform"} (err = %!s(<nil>), deferredJobs: ["7"])
2022/07/29 17:54:44 jobs.go:244: JOBS: Dispatching next job "3": "OpTypeGetTerraformVersion" for {"file:///home/ec2-user/terraform"}
2022/07/29 17:54:47 opts.go:218: Received request batch of size 1 (qlen=0)
2022/07/29 17:54:47 opts.go:218: Received request batch of size 1 (qlen=1)
2022/07/29 17:54:47 opts.go:218: Dequeued request batch of length 1 (qlen=1)
2022/07/29 17:54:47 opts.go:218: Dequeued request batch of length 1 (qlen=0)
2022/07/29 17:54:47 rpc_logger.go:29: Incoming notification for "initialized": {}
2022/07/29 17:54:47 rpc_logger.go:29: Incoming notification for "textDocument/didOpen": {"textDocument":{"uri":"file:///home/ec2-user/terraform/main.tf","languageId":"terraform","version":1,"text":"provider \"aws\" {\n  region     = \"ca-central-1\"\n  access_key = \"AKIAUEIZJ3ZOOIWF2WRQ\"\n  secret_key = \"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\"\n}\n\n resource \"aws_vpc\" \"development-vpc\" {\n     cidr_block = \"10.0.0.0/16\"\n     tags = {\n        Name: \"development\"\n        vpc_env: \"dev\"\n     }\n }\n\nresource \"aws_subnet\" \"dev-subnet-1\" {\n    vpc_id = aws_vpc.development-vpc.id\n    cidr_block = \"10.0.10.0/24\"\n    availability_zone = \"ca-central-1b\"\n     tags = {\n        Name: \"subnet1-dev\"\n     }\n}\n\ndata \"aws_vpc\" \"existing_vpc\" {\n    default = true\n}\n   \nresource \"aws_subnet\" \"dev-subnet-2\" {\n    vpc_id = data.aws_vpc.existing_vpc.id\n    cidr_block = \"172.31.48.0/20\"\n    availability_zone = \"ca-central-1b\"\n     tags = {\n        Name: \"default-subenet\"\n     }\n}"}}
2022/07/29 17:54:47 did_open.go:42: opened module: /home/ec2-user/terraform
2022/07/29 17:54:47 jobs.go:92: JOBS: Enqueueing new job "8": "OpTypeParseModuleConfiguration" for {"file:///home/ec2-user/terraform"}
2022/07/29 17:54:47 jobs.go:92: JOBS: Enqueueing new job "9": "OpTypeParseVariables" for {"file:///home/ec2-user/terraform"}
2022/07/29 17:54:47 watcher.go:86: adding module for watching: /home/ec2-user/terraform
2022/07/29 17:54:47 jobs.go:244: JOBS: Dispatching next job "4": "OpTypeObtainSchema" for {"file:///home/ec2-user/terraform"}
2022/07/29 17:54:50 jobs.go:358: JOBS: Finishing job "3": "OpTypeGetTerraformVersion" for {"file:///home/ec2-user/terraform"} (err = %!s(<nil>), deferredJobs: [])
2022/07/29 17:54:50 jobs.go:244: JOBS: Dispatching next job "8": "OpTypeParseModuleConfiguration" for {"file:///home/ec2-user/terraform"}
2022/07/29 17:54:50 jobs.go:92: JOBS: Enqueueing new job "10": "OpTypeLoadModuleMetadata" for {"file:///home/ec2-user/terraform"}
2022/07/29 17:54:50 jobs.go:358: JOBS: Finishing job "8": "OpTypeParseModuleConfiguration" for {"file:///home/ec2-user/terraform"} (err = %!s(<nil>), deferredJobs: ["10"])
2022/07/29 17:54:50 jobs.go:244: JOBS: Dispatching next job "10": "OpTypeLoadModuleMetadata" for {"file:///home/ec2-user/terraform"}
2022/07/29 17:54:50 jobs.go:358: JOBS: Finishing job "10": "OpTypeLoadModuleMetadata" for {"file:///home/ec2-user/terraform"} (err = %!s(<nil>), deferredJobs: ["5" "6"])
2022/07/29 17:54:50 jobs.go:244: JOBS: Dispatching next job "9": "OpTypeParseVariables" for {"file:///home/ec2-user/terraform"}
2022/07/29 17:54:50 jobs.go:358: JOBS: Finishing job "9": "OpTypeParseVariables" for {"file:///home/ec2-user/terraform"} (err = %!s(<nil>), deferredJobs: ["7"])
2022/07/29 17:54:51 opts.go:218: Posting server notification "telemetry/event" {"v":1,"name":"moduleData","properties":{"installedProviders":{"registry.terraform.io/hashicorp/aws":"4.23.0"},"moduleId":"5ca4a5e9-7825-1152-80e7-8e2410046e72","providerRequirements":{"registry.terraform.io/-/aws":""},"tfVersion":"1.2.6"}}
2022/07/29 17:54:51 opts.go:218: Posting server call "client.refreshModuleProviders" 
2022/07/29 17:54:51 opts.go:218: Received response for callback "1"
2022/07/29 17:54:51 opts.go:218: Posting server call "client.refreshModuleCalls" 
2022/07/29 17:54:51 opts.go:218: Received response for callback "2"
2022/07/29 17:54:51 opts.go:218: Posting server call "workspace/semanticTokens/refresh" 
2022/07/29 17:54:51 opts.go:218: Received response for callback "3"
2022/07/29 17:55:03 provider_schema.go:106: PSS: adding local schema (/home/ec2-user/terraform, registry.terraform.io/hashicorp/aws): 0xc00a618600
2022/07/29 17:55:04 jobs.go:358: JOBS: Finishing job "4": "OpTypeObtainSchema" for {"file:///home/ec2-user/terraform"} (err = %!s(<nil>), deferredJobs: [])
2022/07/29 17:55:04 jobs.go:244: JOBS: Dispatching next job "5": "OpTypeDecodeReferenceTargets" for {"file:///home/ec2-user/terraform"}
2022/07/29 17:55:04 provider_schema.go:196: PSS: getting provider schema (/home/ec2-user/terraform, registry.terraform.io/-/aws, )
2022/07/29 17:55:04 jobs.go:358: JOBS: Finishing job "5": "OpTypeDecodeReferenceTargets" for {"file:///home/ec2-user/terraform"} (err = %!s(<nil>), deferredJobs: [])
2022/07/29 17:55:04 jobs.go:244: JOBS: Dispatching next job "6": "OpTypeDecodeReferenceOrigins" for {"file:///home/ec2-user/terraform"}
2022/07/29 17:55:04 provider_schema.go:196: PSS: getting provider schema (/home/ec2-user/terraform, registry.terraform.io/-/aws, )
2022/07/29 17:55:04 jobs.go:358: JOBS: Finishing job "6": "OpTypeDecodeReferenceOrigins" for {"file:///home/ec2-user/terraform"} (err = %!s(<nil>), deferredJobs: [])
2022/07/29 17:55:04 jobs.go:244: JOBS: Dispatching next job "7": "OpTypeDecodeVarsReferences" for {"file:///home/ec2-user/terraform"}
2022/07/29 17:55:04 jobs.go:358: JOBS: Finishing job "7": "OpTypeDecodeVarsReferences" for {"file:///home/ec2-user/terraform"} (err = %!s(<nil>), deferredJobs: [])
2022/07/29 17:55:04 opts.go:218: Posting server call "client.refreshModuleProviders" 
2022/07/29 17:55:04 opts.go:218: Received response for callback "4"
2022/07/29 17:55:04 opts.go:218: Posting server call "client.refreshModuleCalls" 
2022/07/29 17:55:04 opts.go:218: Received response for callback "5"
[Info  - 5:59:45 PM] Connection to server got closed. Server will restart.
2022/07/29 17:59:45 serve_command.go:162: Starting terraform-ls 0.28.1
2022/07/29 17:59:45 service.go:95: Preparing new session ...
2022/07/29 17:59:45 langserver.go:94: Starting server (pid 24303; concurrency: 1) ...
2022/07/29 17:59:45 opts.go:218: Received request batch of size 1 (qlen=0)
2022/07/29 17:59:45 opts.go:218: Dequeued request batch of length 1 (qlen=0)
2022/07/29 17:59:45 rpc_logger.go:29: Incoming request for "initialize" (ID 0): {"processId":23187,"clientInfo":{"name":"Visual Studio Code","version":"1.69.2"},"locale":"en","rootPath":"/home/ec2-user/terraform","rootUri":"file:///home/ec2-user/terraform","capabilities":{"workspace":{"applyEdit":true,"workspaceEdit":{"documentChanges":true,"resourceOperations":["create","rename","delete"],"failureHandling":"textOnlyTransactional","normalizesLineEndings":true,"changeAnnotationSupport":{"groupsOnLabel":true}},"didChangeConfiguration":{"dynamicRegistration":true},"didChangeWatchedFiles":{"dynamicRegistration":true},"symbol":{"dynamicRegistration":true,"symbolKind":{"valueSet":[1,2,3,4,5,6,7,8,9,10,11,12,13,14,15,16,17,18,19,20,21,22,23,24,25,26]},"tagSupport":{"valueSet":[1]}},"codeLens":{"refreshSupport":true},"executeCommand":{"dynamicRegistration":true},"configuration":true,"workspaceFolders":true,"semanticTokens":{"refreshSupport":true},"fileOperations":{"dynamicRegistration":true,"didCreate":true,"didRename":true,"didDelete":true,"willCreate":true,"willRename":true,"willDelete":true}},"textDocument":{"publishDiagnostics":{"relatedInformation":true,"versionSupport":false,"tagSupport":{"valueSet":[1,2]},"codeDescriptionSupport":true,"dataSupport":true},"synchronization":{"dynamicRegistration":true,"willSave":true,"willSaveWaitUntil":true,"didSave":true},"completion":{"dynamicRegistration":true,"contextSupport":true,"completionItem":{"snippetSupport":true,"commitCharactersSupport":true,"documentationFormat":["markdown","plaintext"],"deprecatedSupport":true,"preselectSupport":true,"tagSupport":{"valueSet":[1]},"insertReplaceSupport":true,"resolveSupport":{"properties":["documentation","detail","additionalTextEdits"]},"insertTextModeSupport":{"valueSet":[1,2]}},"completionItemKind":{"valueSet":[1,2,3,4,5,6,7,8,9,10,11,12,13,14,15,16,17,18,19,20,21,22,23,24,25]}},"hover":{"dynamicRegistration":true,"contentFormat":["markdown","plaintext"]},"signatureHelp":{"dynamicRegistration":true,"signatureInformation":{"documentationFormat":["markdown","plaintext"],"parameterInformation":{"labelOffsetSupport":true},"activeParameterSupport":true},"contextSupport":true},"definition":{"dynamicRegistration":true,"linkSupport":true},"references":{"dynamicRegistration":true},"documentHighlight":{"dynamicRegistration":true},"documentSymbol":{"dynamicRegistration":true,"symbolKind":{"valueSet":[1,2,3,4,5,6,7,8,9,10,11,12,13,14,15,16,17,18,19,20,21,22,23,24,25,26]},"hierarchicalDocumentSymbolSupport":true,"tagSupport":{"valueSet":[1]},"labelSupport":true},"codeAction":{"dynamicRegistration":true,"isPreferredSupport":true,"disabledSupport":true,"dataSupport":true,"resolveSupport":{"properties":["edit"]},"codeActionLiteralSupport":{"codeActionKind":{"valueSet":["","quickfix","refactor","refactor.extract","refactor.inline","refactor.rewrite","source","source.organizeImports"]}},"honorsChangeAnnotations":false},"codeLens":{"dynamicRegistration":true},"formatting":{"dynamicRegistration":true},"rangeFormatting":{"dynamicRegistration":true},"onTypeFormatting":{"dynamicRegistration":true},"rename":{"dynamicRegistration":true,"prepareSupport":true,"prepareSupportDefaultBehavior":1,"honorsChangeAnnotations":true},"documentLink":{"dynamicRegistration":true,"tooltipSupport":true},"typeDefinition":{"dynamicRegistration":true,"linkSupport":true},"implementation":{"dynamicRegistration":true,"linkSupport":true},"colorProvider":{"dynamicRegistration":true},"foldingRange":{"dynamicRegistration":true,"rangeLimit":5000,"lineFoldingOnly":true},"declaration":{"dynamicRegistration":true,"linkSupport":true},"selectionRange":{"dynamicRegistration":true},"callHierarchy":{"dynamicRegistration":true},"semanticTokens":{"dynamicRegistration":true,"tokenTypes":["namespace","type","class","enum","interface","struct","typeParameter","parameter","variable","property","enumMember","event","function","method","macro","keyword","modifier","comment","string","number","regexp","operator","hcl-attrName","hcl-blockType","hcl-blockLabel","hcl-bool","hcl-string","hcl-number","hcl-objectKey","hcl-mapKey","hcl-keyword","hcl-traversalStep","hcl-typeCapsule","hcl-typePrimitive"],"tokenModifiers":["declaration","definition","readonly","static","deprecated","abstract","async","modification","documentation","defaultLibrary","hcl-dependent","terraform-data","terraform-locals","terraform-module","terraform-output","terraform-provider","terraform-resource","terraform-provisioner","terraform-connection","terraform-variable","terraform-terraform","terraform-backend","terraform-name","terraform-type","terraform-requiredProviders"],"formats":["relative"],"requests":{"range":true,"full":{"delta":true}},"multilineTokenSupport":false,"overlappingTokenSupport":false},"linkedEditingRange":{"dynamicRegistration":true}},"window":{"showMessage":{"messageActionItem":{"additionalPropertiesSupport":true}},"showDocument":{"support":true},"workDoneProgress":true},"general":{"regularExpressions":{"engine":"ECMAScript","version":"ES2020"},"markdown":{"parser":"marked","version":"1.1.0"}},"experimental":{"refreshModuleProvidersCommandId":"client.refreshModuleProviders","refreshModuleCallsCommandId":"client.refreshModuleCalls","telemetryVersion":1}},"initializationOptions":{"experimentalFeatures":{},"ignoreSingleFileWarning":false},"trace":"off","workspaceFolders":[{"uri":"file:///home/ec2-user/terraform","name":"terraform"}]}
2022/07/29 17:59:45 initialize.go:158: enabling telemetry (version: 1)
2022/07/29 17:59:45 initialize.go:163: telemetry enabled (version: 1)
2022/07/29 17:59:45 opts.go:218: Posting server notification "telemetry/event" {"v":1,"name":"initialize","properties":{"experimentalCapabilities.referenceCountCodeLens":false,"lsVersion":"0.28.1","options.commandPrefix":false,"options.excludeModulePaths":false,"options.experimentalFeatures.prefillRequiredFields":false,"options.experimentalFeatures.validateOnSave":false,"options.ignoreDirectoryNames":false,"options.ignoreSingleFileWarning":false,"options.rootModulePaths":false,"options.terraformExecPath":false,"options.terraformExecTimeout":"","options.terraformLogFilePath":false,"root_uri":"dir"}}
2022/07/29 17:59:45 scheduler.go:45: launching eval loop 0
2022/07/29 17:59:45 service.go:443: running closed dir scheduler
2022/07/29 17:59:45 scheduler.go:45: launching eval loop 0
2022/07/29 17:59:45 service.go:448: running open dir scheduler
